#
# A fatal error has been detected by the Java Runtime Environment:
#
#  EXCEPTION_ACCESS_VIOLATION (0xc0000005) at pc=0x00000000721573fc, pid=11068, tid=0x0000000000002424
#
# JRE version: OpenJDK Runtime Environment (8.0_242-b01) (build 1.8.0_242-release-1644-b01)
# Java VM: OpenJDK 64-Bit Server VM (25.242-b01 mixed mode windows-amd64 compressed oops)
# Problematic frame:
# V  [jvm.dll+0x4c73fc]
#
# Failed to write core dump. Minidumps are not enabled by default on client versions of Windows
#
# If you would like to submit a bug report, please visit:
#   
#

---------------  T H R E A D  ---------------

Current thread (0x00000000195b2800):  JavaThread "C2 CompilerThread0" daemon [_thread_in_native, id=9252, stack(0x0000000019e80000,0x0000000019f80000)]

siginfo: ExceptionCode=0xc0000005, reading address 0x000000081a493e88

Registers:
RAX=0x000000001a493e90, RBX=0x00000000195fb128, RCX=0x000000001ada5290, RDX=0x0000000000000000
RSP=0x0000000019f7ba00, RBP=0x0000000019f7d100, RSI=0x0000000000000008, RDI=0x000000001ada5d58
R8 =0x00000000000004da, R9 =0x0000000000002000, R10=0x0000000000001fff, R11=0x00000000261df390
R12=0x000000001ada5ff8, R13=0x0000000000000001, R14=0x000000001ada5ff8, R15=0x0000000019f7d100
RIP=0x00000000721573fc, EFLAGS=0x0000000000010212

Top of Stack: (sp=0x0000000019f7ba00)
0x0000000019f7ba00:   0000000000000010 0000000020267300
0x0000000019f7ba10:   0000000020267300 0000000000000018
0x0000000019f7ba20:   00000000195fc6c0 00000000721725f8
0x0000000019f7ba30:   000000001ada5d58 0000000020267300
0x0000000019f7ba40:   00000000000000eb 0000000020267348
0x0000000019f7ba50:   00000000203297d0 0000000019f7bab8
0x0000000019f7ba60:   000000001ada5d58 00000000721721e1
0x0000000019f7ba70:   0000000000000010 000000001b3c65f8
0x0000000019f7ba80:   0000000000000001 000000001b3a5600
0x0000000019f7ba90:   000004ff0000007b 0000000000000000
0x0000000019f7baa0:   0000000000000007 000000001b3a7800
0x0000000019f7bab0:   00000000722402f8 000000002032e5f8
0x0000000019f7bac0:   00000000203297d0 0000000019f7d100
0x0000000019f7bad0:   0000000019f7bc10 000000007216f77b
0x0000000019f7bae0:   000000002115daa0 00000000177773e0
0x0000000019f7baf0:   0000000019f7e7e0 0000000020326610 

Instructions: (pc=0x00000000721573fc)
0x00000000721573dc:   28 48 8b 1d 8c a2 30 00 48 3b c3 74 51 48 8b 1d
0x00000000721573ec:   b8 a2 30 00 48 3b c3 74 45 8b 57 30 48 8b 40 20
0x00000000721573fc:   48 8b 1c d0 48 8b 47 08 48 8b 08 83 fa 05 75 2e
0x000000007215740c:   0f b6 41 2c 24 1f 3c 1f 75 24 e8 75 69 f6 ff 84 


Register to memory mapping:

RAX=0x000000001a493e90 is an unknown value
RBX=0x00000000195fb128 is an unknown value
RCX=0x000000001ada5290 is an unknown value
RDX=0x0000000000000000 is an unknown value
RSP=0x0000000019f7ba00 is pointing into the stack for thread: 0x00000000195b2800
RBP=0x0000000019f7d100 is pointing into the stack for thread: 0x00000000195b2800
RSI=0x0000000000000008 is an unknown value
RDI=0x000000001ada5d58 is an unknown value
R8 =0x00000000000004da is an unknown value
R9 =0x0000000000002000 is an unknown value
R10=0x0000000000001fff is an unknown value
R11=0x00000000261df390 is an unknown value
R12=0x000000001ada5ff8 is an unknown value
R13=0x0000000000000001 is an unknown value
R14=0x000000001ada5ff8 is an unknown value
R15=0x0000000019f7d100 is pointing into the stack for thread: 0x00000000195b2800


Stack: [0x0000000019e80000,0x0000000019f80000],  sp=0x0000000019f7ba00,  free space=1006k
Native frames: (J=compiled Java code, j=interpreted, Vv=VM code, C=native code)
V  [jvm.dll+0x4c73fc]
V  [jvm.dll+0x4e25f8]
V  [jvm.dll+0x4e21e1]
V  [jvm.dll+0x4df77b]
V  [jvm.dll+0x446eb4]
V  [jvm.dll+0x447f14]
V  [jvm.dll+0x42b072]
V  [jvm.dll+0x8230f]
V  [jvm.dll+0x82c7f]
V  [jvm.dll+0x220b7f]
V  [jvm.dll+0x27276a]
C  [msvcr100.dll+0x21d9f]
C  [msvcr100.dll+0x21e3b]
C  [KERNEL32.DLL+0x17974]
C  [ntdll.dll+0x5a0b1]


Current CompileTask:
C2:2797854 20438       4       org.gradle.internal.typeconversion.TypedNotationConverter::convert (30 bytes)


---------------  P R O C E S S  ---------------

Java Threads: ( => current thread )
  0x000000001fd57000 JavaThread "Cache worker for execution history cache (D:\Data Code\Android HIT\Learning\Day 02\.gradle\6.5\executionHistory)" [_thread_blocked, id=8592, stack(0x000000004b250000,0x000000004b350000)]
  0x000000001fd58000 JavaThread "Execution worker for ':' Thread 7" [_thread_blocked, id=13056, stack(0x000000004b150000,0x000000004b250000)]
  0x000000001fd53800 JavaThread "Execution worker for ':' Thread 6" [_thread_blocked, id=5044, stack(0x000000004b050000,0x000000004b150000)]
  0x000000001fd55800 JavaThread "Execution worker for ':' Thread 5" [_thread_blocked, id=11760, stack(0x000000004af50000,0x000000004b050000)]
  0x000000001fd52800 JavaThread "Execution worker for ':' Thread 4" [_thread_blocked, id=3128, stack(0x000000004ae50000,0x000000004af50000)]
  0x000000001fd55000 JavaThread "Execution worker for ':' Thread 3" [_thread_blocked, id=12940, stack(0x000000004ad50000,0x000000004ae50000)]
  0x000000001fd56800 JavaThread "Execution worker for ':' Thread 2" [_thread_blocked, id=3180, stack(0x000000004ac50000,0x000000004ad50000)]
  0x000000001fd54000 JavaThread "Execution worker for ':'" [_thread_blocked, id=12124, stack(0x000000004ab50000,0x000000004ac50000)]
  0x000000001fd4a800 JavaThread "Cache worker for file content cache (D:\Data Code\Android HIT\Learning\Day 02\.gradle\6.5\fileContent)" [_thread_blocked, id=11884, stack(0x000000004aa50000,0x000000004ab50000)]
  0x000000001fd4d800 JavaThread "Cache worker for Build Output Cleanup Cache (D:\Data Code\Android HIT\Learning\Day 02\.gradle\buildOutputCleanup)" [_thread_blocked, id=10244, stack(0x000000004a950000,0x000000004aa50000)]
  0x000000001fd4c800 JavaThread "jar transforms Thread 368" [_thread_blocked, id=4192, stack(0x000000004a850000,0x000000004a950000)]
  0x000000001ab24000 JavaThread "jar transforms Thread 367" [_thread_blocked, id=2232, stack(0x000000004a750000,0x000000004a850000)]
  0x000000001ab1d800 JavaThread "jar transforms Thread 366" [_thread_blocked, id=8492, stack(0x000000004a650000,0x000000004a750000)]
  0x000000001ab21000 JavaThread "jar transforms Thread 365" [_thread_blocked, id=2416, stack(0x000000004a550000,0x000000004a650000)]
  0x000000001ab20800 JavaThread "jar transforms Thread 364" [_thread_blocked, id=5632, stack(0x000000004a450000,0x000000004a550000)]
  0x000000001ab1f800 JavaThread "jar transforms Thread 363" [_thread_blocked, id=4404, stack(0x000000004a350000,0x000000004a450000)]
  0x000000001ab1e000 JavaThread "jar transforms Thread 362" [_thread_blocked, id=3448, stack(0x000000004a250000,0x000000004a350000)]
  0x000000001ab23800 JavaThread "jar transforms Thread 361" [_thread_blocked, id=9976, stack(0x000000004a150000,0x000000004a250000)]
  0x000000001ab22000 JavaThread "jar transforms Thread 360" [_thread_blocked, id=8532, stack(0x000000004a050000,0x000000004a150000)]
  0x000000001ab1f000 JavaThread "jar transforms Thread 359" [_thread_blocked, id=4040, stack(0x0000000049f50000,0x000000004a050000)]
  0x000000001ab22800 JavaThread "jar transforms Thread 358" [_thread_blocked, id=4668, stack(0x0000000049e50000,0x0000000049f50000)]
  0x000000001ab15800 JavaThread "jar transforms Thread 357" [_thread_blocked, id=12736, stack(0x0000000049d50000,0x0000000049e50000)]
  0x000000001ab1c800 JavaThread "jar transforms Thread 356" [_thread_blocked, id=9956, stack(0x0000000049c50000,0x0000000049d50000)]
  0x000000001ab1c000 JavaThread "jar transforms Thread 355" [_thread_blocked, id=8524, stack(0x0000000049b50000,0x0000000049c50000)]
  0x000000001ab18800 JavaThread "jar transforms Thread 354" [_thread_blocked, id=6132, stack(0x0000000049a50000,0x0000000049b50000)]
  0x000000001b851800 JavaThread "jar transforms Thread 353" [_thread_blocked, id=9816, stack(0x0000000049950000,0x0000000049a50000)]
  0x000000001b850800 JavaThread "jar transforms Thread 352" [_thread_blocked, id=6868, stack(0x0000000049850000,0x0000000049950000)]
  0x000000001b850000 JavaThread "jar transforms Thread 351" [_thread_blocked, id=1196, stack(0x0000000049750000,0x0000000049850000)]
  0x000000001b84f000 JavaThread "jar transforms Thread 350" [_thread_blocked, id=4504, stack(0x0000000049650000,0x0000000049750000)]
  0x000000001b84e800 JavaThread "jar transforms Thread 349" [_thread_blocked, id=11844, stack(0x0000000049550000,0x0000000049650000)]
  0x000000001b84d800 JavaThread "jar transforms Thread 348" [_thread_blocked, id=5364, stack(0x0000000049450000,0x0000000049550000)]
  0x000000001b846000 JavaThread "jar transforms Thread 347" [_thread_blocked, id=11168, stack(0x0000000049350000,0x0000000049450000)]
  0x000000001b84d000 JavaThread "jar transforms Thread 346" [_thread_blocked, id=8604, stack(0x0000000049250000,0x0000000049350000)]
  0x000000001b845800 JavaThread "jar transforms Thread 345" [_thread_blocked, id=10160, stack(0x0000000049150000,0x0000000049250000)]
  0x000000001b84c000 JavaThread "jar transforms Thread 344" [_thread_blocked, id=5912, stack(0x0000000049050000,0x0000000049150000)]
  0x000000001b847000 JavaThread "jar transforms Thread 343" [_thread_blocked, id=1228, stack(0x0000000048f50000,0x0000000049050000)]
  0x000000001b84b800 JavaThread "jar transforms Thread 342" [_thread_blocked, id=10404, stack(0x0000000048e50000,0x0000000048f50000)]
  0x000000001b847800 JavaThread "jar transforms Thread 341" [_thread_blocked, id=7384, stack(0x0000000048d50000,0x0000000048e50000)]
  0x000000001b844000 JavaThread "jar transforms Thread 340" [_thread_blocked, id=11064, stack(0x0000000048c50000,0x0000000048d50000)]
  0x000000001b849000 JavaThread "jar transforms Thread 339" [_thread_blocked, id=8252, stack(0x0000000048b50000,0x0000000048c50000)]
  0x000000001b844800 JavaThread "jar transforms Thread 338" [_thread_blocked, id=6024, stack(0x0000000048a50000,0x0000000048b50000)]
  0x000000001b848800 JavaThread "jar transforms Thread 337" [_thread_blocked, id=1996, stack(0x0000000048950000,0x0000000048a50000)]
  0x000000001b842800 JavaThread "jar transforms Thread 336" [_thread_blocked, id=8680, stack(0x0000000048850000,0x0000000048950000)]
  0x000000001fae1000 JavaThread "jar transforms Thread 335" [_thread_blocked, id=7544, stack(0x0000000048750000,0x0000000048850000)]
  0x000000001fae7000 JavaThread "jar transforms Thread 334" [_thread_blocked, id=5996, stack(0x0000000048650000,0x0000000048750000)]
  0x000000001fae4000 JavaThread "jar transforms Thread 333" [_thread_blocked, id=11500, stack(0x0000000048550000,0x0000000048650000)]
  0x000000001fae4800 JavaThread "jar transforms Thread 332" [_thread_blocked, id=1080, stack(0x0000000048450000,0x0000000048550000)]
  0x000000001fae6000 JavaThread "jar transforms Thread 331" [_thread_blocked, id=9092, stack(0x0000000048350000,0x0000000048450000)]
  0x000000001fae1800 JavaThread "jar transforms Thread 330" [_thread_blocked, id=8568, stack(0x0000000048250000,0x0000000048350000)]
  0x000000001fae2800 JavaThread "jar transforms Thread 329" [_thread_blocked, id=3584, stack(0x0000000048150000,0x0000000048250000)]
  0x000000001fae5800 JavaThread "jar transforms Thread 328" [_thread_blocked, id=9980, stack(0x0000000048050000,0x0000000048150000)]
  0x000000001fae3000 JavaThread "jar transforms Thread 327" [_thread_blocked, id=11396, stack(0x0000000047f50000,0x0000000048050000)]
  0x000000001fada000 JavaThread "jar transforms Thread 326" [_thread_blocked, id=12308, stack(0x0000000047e50000,0x0000000047f50000)]
  0x000000001fae0000 JavaThread "jar transforms Thread 325" [_thread_blocked, id=2112, stack(0x0000000047d50000,0x0000000047e50000)]
  0x000000001fad8800 JavaThread "jar transforms Thread 324" [_thread_blocked, id=12680, stack(0x0000000047c50000,0x0000000047d50000)]
  0x000000001fadd000 JavaThread "jar transforms Thread 323" [_thread_blocked, id=11376, stack(0x0000000047b50000,0x0000000047c50000)]
  0x000000001fadc000 JavaThread "jar transforms Thread 322" [_thread_blocked, id=11900, stack(0x0000000047a50000,0x0000000047b50000)]
  0x000000001fadf800 JavaThread "jar transforms Thread 321" [_thread_blocked, id=2388, stack(0x0000000047950000,0x0000000047a50000)]
  0x000000001fadb800 JavaThread "jar transforms Thread 320" [_thread_blocked, id=8756, stack(0x0000000047850000,0x0000000047950000)]
  0x000000001fad9000 JavaThread "jar transforms Thread 319" [_thread_blocked, id=11484, stack(0x0000000047750000,0x0000000047850000)]
  0x000000001fad7800 JavaThread "jar transforms Thread 318" [_thread_blocked, id=7764, stack(0x0000000047650000,0x0000000047750000)]
  0x000000001fada800 JavaThread "jar transforms Thread 317" [_thread_blocked, id=7096, stack(0x0000000047550000,0x0000000047650000)]
  0x000000001aa14000 JavaThread "jar transforms Thread 316" [_thread_blocked, id=5268, stack(0x0000000047450000,0x0000000047550000)]
  0x000000001aa17000 JavaThread "jar transforms Thread 315" [_thread_blocked, id=8308, stack(0x0000000047350000,0x0000000047450000)]
  0x000000001aa13000 JavaThread "jar transforms Thread 314" [_thread_blocked, id=5052, stack(0x0000000047250000,0x0000000047350000)]
  0x000000001aa12800 JavaThread "jar transforms Thread 313" [_thread_blocked, id=12060, stack(0x0000000047150000,0x0000000047250000)]
  0x000000001aa16000 JavaThread "jar transforms Thread 312" [_thread_blocked, id=7424, stack(0x0000000047050000,0x0000000047150000)]
  0x000000001aa18800 JavaThread "jar transforms Thread 311" [_thread_blocked, id=11928, stack(0x0000000046f50000,0x0000000047050000)]
  0x000000001aa15800 JavaThread "jar transforms Thread 310" [_thread_blocked, id=11156, stack(0x0000000046e50000,0x0000000046f50000)]
  0x000000001aa14800 JavaThread "jar transforms Thread 309" [_thread_blocked, id=12696, stack(0x0000000046d50000,0x0000000046e50000)]
  0x000000001aa17800 JavaThread "jar transforms Thread 308" [_thread_blocked, id=11072, stack(0x0000000046c50000,0x0000000046d50000)]
  0x000000001aa0b000 JavaThread "jar transforms Thread 307" [_thread_blocked, id=10740, stack(0x0000000046b50000,0x0000000046c50000)]
  0x000000001aa11800 JavaThread "jar transforms Thread 306" [_thread_blocked, id=10164, stack(0x0000000046a50000,0x0000000046b50000)]
  0x000000001aa0a000 JavaThread "jar transforms Thread 305" [_thread_blocked, id=11272, stack(0x0000000046950000,0x0000000046a50000)]
  0x000000001aa0c800 JavaThread "jar transforms Thread 304" [_thread_blocked, id=12756, stack(0x0000000046850000,0x0000000046950000)]
  0x000000001aa11000 JavaThread "jar transforms Thread 303" [_thread_blocked, id=4208, stack(0x0000000046750000,0x0000000046850000)]
  0x000000001aa09800 JavaThread "jar transforms Thread 302" [_thread_blocked, id=820, stack(0x0000000046650000,0x0000000046750000)]
  0x000000001aa0e800 JavaThread "jar transforms Thread 301" [_thread_blocked, id=1752, stack(0x0000000046550000,0x0000000046650000)]
  0x000000001aa10000 JavaThread "jar transforms Thread 300" [_thread_blocked, id=4700, stack(0x0000000046450000,0x0000000046550000)]
  0x000000001aa0e000 JavaThread "jar transforms Thread 299" [_thread_blocked, id=8900, stack(0x0000000046350000,0x0000000046450000)]
  0x000000001aa0b800 JavaThread "jar transforms Thread 298" [_thread_blocked, id=2372, stack(0x0000000046250000,0x0000000046350000)]
  0x000000001aa0d000 JavaThread "jar transforms Thread 297" [_thread_blocked, id=6108, stack(0x0000000046150000,0x0000000046250000)]
  0x000000002e1af000 JavaThread "jar transforms Thread 296" [_thread_blocked, id=8980, stack(0x0000000046050000,0x0000000046150000)]
  0x000000002e1b6000 JavaThread "jar transforms Thread 295" [_thread_blocked, id=12340, stack(0x0000000045f50000,0x0000000046050000)]
  0x000000002e1af800 JavaThread "jar transforms Thread 294" [_thread_blocked, id=11740, stack(0x0000000045e50000,0x0000000045f50000)]
  0x000000002e1ae000 JavaThread "jar transforms Thread 293" [_thread_blocked, id=2316, stack(0x0000000045d50000,0x0000000045e50000)]
  0x000000002e1b4800 JavaThread "jar transforms Thread 292" [_thread_blocked, id=4428, stack(0x0000000045c50000,0x0000000045d50000)]
  0x000000002e1b5000 JavaThread "jar transforms Thread 291" [_thread_blocked, id=12460, stack(0x0000000045b50000,0x0000000045c50000)]
  0x000000002e1b2000 JavaThread "jar transforms Thread 290" [_thread_blocked, id=7456, stack(0x0000000045a50000,0x0000000045b50000)]
  0x000000002e1ac800 JavaThread "jar transforms Thread 289" [_thread_blocked, id=9588, stack(0x0000000045950000,0x0000000045a50000)]
  0x000000002e1b3800 JavaThread "jar transforms Thread 288" [_thread_blocked, id=8412, stack(0x0000000045850000,0x0000000045950000)]
  0x000000002e1ac000 JavaThread "jar transforms Thread 287" [_thread_blocked, id=10120, stack(0x0000000045750000,0x0000000045850000)]
  0x000000002e1b0800 JavaThread "jar transforms Thread 286" [_thread_blocked, id=11752, stack(0x0000000045650000,0x0000000045750000)]
  0x000000002e1ad800 JavaThread "jar transforms Thread 285" [_thread_blocked, id=12360, stack(0x0000000045550000,0x0000000045650000)]
  0x000000002e1a9000 JavaThread "jar transforms Thread 284" [_thread_blocked, id=11080, stack(0x0000000045450000,0x0000000045550000)]
  0x000000002e1ab000 JavaThread "jar transforms Thread 283" [_thread_blocked, id=2392, stack(0x0000000045350000,0x0000000045450000)]
  0x000000002e1a3800 JavaThread "jar transforms Thread 282" [_thread_blocked, id=9584, stack(0x0000000045250000,0x0000000045350000)]
  0x000000002e1a9800 JavaThread "jar transforms Thread 281" [_thread_blocked, id=2544, stack(0x0000000045150000,0x0000000045250000)]
  0x000000002e1a4800 JavaThread "jar transforms Thread 280" [_thread_blocked, id=1428, stack(0x0000000045050000,0x0000000045150000)]
  0x000000002e1a1800 JavaThread "jar transforms Thread 279" [_thread_blocked, id=10520, stack(0x0000000044f50000,0x0000000045050000)]
  0x000000002e1a7800 JavaThread "jar transforms Thread 278" [_thread_blocked, id=3176, stack(0x0000000044e50000,0x0000000044f50000)]
  0x000000002e1a8000 JavaThread "jar transforms Thread 277" [_thread_blocked, id=7728, stack(0x0000000044d50000,0x0000000044e50000)]
  0x000000002e1a0000 JavaThread "Build operations Thread 8" [_thread_blocked, id=11880, stack(0x0000000044c50000,0x0000000044d50000)]
  0x000000002e1a6800 JavaThread "Build operations Thread 7" [_thread_blocked, id=12252, stack(0x0000000044b50000,0x0000000044c50000)]
  0x000000002e1a5000 JavaThread "Build operations Thread 6" [_thread_in_native, id=8736, stack(0x0000000044a50000,0x0000000044b50000)]
  0x000000002e1a0800 JavaThread "Build operations Thread 5" [_thread_blocked, id=1364, stack(0x0000000044950000,0x0000000044a50000)]
  0x000000002e1a3000 JavaThread "Build operations Thread 4" [_thread_in_native, id=5972, stack(0x0000000044850000,0x0000000044950000)]
  0x000000002e1a6000 JavaThread "Build operations Thread 3" [_thread_in_native, id=10612, stack(0x0000000044750000,0x0000000044850000)]
  0x000000002e1a2000 JavaThread "Build operations Thread 2" [_thread_blocked, id=12816, stack(0x0000000044650000,0x0000000044750000)]
  0x000000002e198800 JavaThread "Build operations" [_thread_blocked, id=11604, stack(0x0000000044550000,0x0000000044650000)]
  0x000000002e19f000 JavaThread "Cache worker for cache directory md-rule (C:\Users\ChiTinh\.gradle\caches\6.5\md-rule)" [_thread_blocked, id=3036, stack(0x0000000044450000,0x0000000044550000)]
  0x000000002e197800 JavaThread "Cache worker for cache directory md-supplier (C:\Users\ChiTinh\.gradle\caches\6.5\md-supplier)" [_thread_blocked, id=7008, stack(0x0000000044350000,0x0000000044450000)]
  0x000000002e199000 JavaThread "Cache worker for checksums cache (D:\Data Code\Android HIT\Learning\Day 02\.gradle\checksums)" [_thread_blocked, id=9892, stack(0x0000000044250000,0x0000000044350000)]
  0x000000002e19b800 JavaThread "Cache worker for file hash cache (D:\Data Code\Android HIT\Learning\Day 02\.gradle\6.5\fileHashes)" [_thread_blocked, id=6900, stack(0x0000000044150000,0x0000000044250000)]
  0x000000002e19e800 JavaThread "Thread-414" [_thread_blocked, id=7236, stack(0x0000000044050000,0x0000000044150000)]
  0x000000002e197000 JavaThread "Stdin handler" [_thread_blocked, id=6136, stack(0x0000000043f50000,0x0000000044050000)]
  0x000000002e19c000 JavaThread "Asynchronous log dispatcher for DefaultDaemonConnection: socket connection from /127.0.0.1:51493 to /127.0.0.1:51637" [_thread_blocked, id=8952, stack(0x0000000043e50000,0x0000000043f50000)]
  0x000000002e19a000 JavaThread "Daemon worker Thread 4" [_thread_blocked, id=2508, stack(0x0000000043d50000,0x0000000043e50000)]
  0x000000002e19d000 JavaThread "Cancel handler" [_thread_blocked, id=5660, stack(0x0000000043c50000,0x0000000043d50000)]
  0x000000002e19d800 JavaThread "Handler for socket connection from /127.0.0.1:51493 to /127.0.0.1:51637" [_thread_in_native, id=7144, stack(0x0000000043b50000,0x0000000043c50000)]
  0x000000002e19a800 JavaThread "Daemon Thread 4" [_thread_blocked, id=9040, stack(0x0000000043a50000,0x0000000043b50000)]
  0x000000001fe83000 JavaThread "Cache worker for Java compile cache (C:\Users\ChiTinh\.gradle\caches\6.5\javaCompile)" [_thread_blocked, id=5648, stack(0x0000000040250000,0x0000000040350000)]
  0x000000001b843000 JavaThread "MarlinRenderer Disposer" daemon [_thread_blocked, id=10104, stack(0x000000003ea50000,0x000000003eb50000)]
  0x000000001b84a000 JavaThread "Java2D Disposer" daemon [_thread_blocked, id=10756, stack(0x000000003e950000,0x000000003ea50000)]
  0x000000001ab16800 JavaThread "Memory manager" [_thread_blocked, id=10248, stack(0x000000002d160000,0x000000002d260000)]
  0x000000001fd49000 JavaThread "Cache worker for file content cache (C:\Users\ChiTinh\.gradle\caches\6.5\fileContent)" [_thread_blocked, id=2452, stack(0x00000000240b0000,0x00000000241b0000)]
  0x000000001fd4f000 JavaThread "Cache worker for execution history cache (C:\Users\ChiTinh\.gradle\caches\6.5\executionHistory)" [_thread_blocked, id=440, stack(0x0000000023bb0000,0x0000000023cb0000)]
  0x000000001c1e8800 JavaThread "Cache worker for file hash cache (C:\Users\ChiTinh\.gradle\caches\6.5\fileHashes)" [_thread_blocked, id=6788, stack(0x000000001e5a0000,0x000000001e6a0000)]
  0x000000001c1ec000 JavaThread "File lock request listener" [_thread_in_native, id=2272, stack(0x000000001e4a0000,0x000000001e5a0000)]
  0x000000001c24d800 JavaThread "Cache worker for journal cache (C:\Users\ChiTinh\.gradle\caches\journal-1)" [_thread_in_Java, id=11548, stack(0x000000001e3a0000,0x000000001e4a0000)]
  0x000000001bf79000 JavaThread "Daemon periodic checks" [_thread_blocked, id=3816, stack(0x000000001d6a0000,0x000000001d7a0000)]
  0x000000001bf36000 JavaThread "Incoming local TCP Connector on port 51493" [_thread_in_native, id=13268, stack(0x000000001d460000,0x000000001d560000)]
  0x000000001bc48800 JavaThread "Daemon health stats" [_thread_blocked, id=11252, stack(0x000000001ce20000,0x000000001cf20000)]
  0x0000000019644800 JavaThread "Service Thread" daemon [_thread_blocked, id=8940, stack(0x000000001a280000,0x000000001a380000)]
  0x00000000195c7800 JavaThread "C1 CompilerThread3" daemon [_thread_blocked, id=3080, stack(0x000000001a180000,0x000000001a280000)]
  0x00000000195b7000 JavaThread "C2 CompilerThread2" daemon [_thread_in_native, id=1264, stack(0x000000001a080000,0x000000001a180000)]
  0x000000001778c000 JavaThread "C2 CompilerThread1" daemon [_thread_in_native, id=11204, stack(0x0000000019f80000,0x000000001a080000)]
=>0x00000000195b2800 JavaThread "C2 CompilerThread0" daemon [_thread_in_native, id=9252, stack(0x0000000019e80000,0x0000000019f80000)]
  0x00000000195b1000 JavaThread "Attach Listener" daemon [_thread_blocked, id=11964, stack(0x0000000019d80000,0x0000000019e80000)]
  0x00000000195b0800 JavaThread "Signal Dispatcher" daemon [_thread_blocked, id=7708, stack(0x0000000019c80000,0x0000000019d80000)]
  0x000000000270c800 JavaThread "Finalizer" daemon [_thread_blocked, id=8908, stack(0x0000000019a80000,0x0000000019b80000)]
  0x00000000195a0800 JavaThread "Reference Handler" daemon [_thread_blocked, id=10068, stack(0x0000000019980000,0x0000000019a80000)]
  0x000000000250e000 JavaThread "main" [_thread_blocked, id=10840, stack(0x0000000002510000,0x0000000002610000)]

Other Threads:
  0x0000000017778000 VMThread [stack: 0x0000000019480000,0x0000000019580000] [id=11296]
  0x0000000019645800 WatcherThread [stack: 0x000000001a380000,0x000000001a480000] [id=11428]

VM state:not at safepoint (normal execution)

VM Mutex/Monitor currently owned by a thread: None

heap address: 0x0000000080000000, size: 2048 MB, Compressed Oops mode: 32-bit
Narrow klass base: 0x0000000000000000, Narrow klass shift: 3
Compressed class space size: 1073741824 Address: 0x0000000100000000

Heap:
 PSYoungGen      total 460288K, used 221370K [0x00000000d5580000, 0x00000000f5200000, 0x0000000100000000)
  eden space 429568K, 47% used [0x00000000d5580000,0x00000000e1c33780,0x00000000ef900000)
  from space 30720K, 58% used [0x00000000f3400000,0x00000000f457b218,0x00000000f5200000)
  to   space 45568K, 0% used [0x00000000ef900000,0x00000000ef900000,0x00000000f2580000)
 ParOldGen       total 186368K, used 91183K [0x0000000080000000, 0x000000008b600000, 0x00000000d5580000)
  object space 186368K, 48% used [0x0000000080000000,0x000000008590bee0,0x000000008b600000)
 Metaspace       used 114372K, capacity 120796K, committed 121152K, reserved 1155072K
  class space    used 15072K, capacity 16316K, committed 16488K, reserved 1048576K

Card table byte_map: [0x0000000011ad0000,0x0000000011ee0000] byte_map_base: 0x00000000116d0000

Marking Bits: (ParMarkBitMap*) 0x000000007245f030
 Begin Bits: [0x0000000012990000, 0x0000000014990000)
 End Bits:   [0x0000000014990000, 0x0000000016990000)

Polling page: 0x0000000000870000

CodeCache: size=245760Kb used=52915Kb max_used=52945Kb free=192844Kb
 bounds [0x0000000002710000, 0x0000000005b10000, 0x0000000011710000]
 total_blobs=17457 nmethods=16432 adapters=935
 compilation: enabled

Compilation events (10 events):
Event: 2797.805 Thread 0x00000000195c7800 nmethod 20445 0x0000000005b00750 code [0x0000000005b00900, 0x0000000005b00ef8]
Event: 2797.808 Thread 0x00000000195c7800 20446       3       org.gradle.api.internal.artifacts.transform.ConsumerVariantMatchResult::matched (70 bytes)
Event: 2797.809 Thread 0x00000000195c7800 nmethod 20446 0x0000000005b010d0 code [0x0000000005b01260, 0x0000000005b017b8]
Event: 2797.809 Thread 0x00000000195c7800 20447       3       org.gradle.internal.work.DefaultWorkerLeaseService::getCurrentProjectLocks (8 bytes)
Event: 2797.810 Thread 0x00000000195c7800 nmethod 20447 0x0000000005b01990 code [0x0000000005b01b20, 0x0000000005b01f88]
Event: 2797.810 Thread 0x00000000195b7000 20448       4       org.gradle.cache.internal.DefaultCacheFactory$ReferenceTrackingCache::useCache (14 bytes)
Event: 2797.811 Thread 0x000000001778c000 20449       4       org.gradle.cache.internal.DefaultPersistentDirectoryStore::useCache (11 bytes)
Event: 2797.814 Thread 0x00000000195c7800 20450       3       org.gradle.api.internal.artifacts.ivyservice.modulecache.artifacts.ArtifactAtRepositoryKey::equals (48 bytes)
Event: 2797.815 Thread 0x00000000195c7800 nmethod 20450 0x0000000005b02150 code [0x0000000005b022e0, 0x0000000005b02898]
Event: 2797.829 Thread 0x00000000195c7800 20451       3       org.gradle.internal.fingerprint.impl.NameOnlyFingerprintingStrategy::collectFingerprints (67 bytes)

GC Heap History (10 events):
Event: 2590.490 GC heap before
{Heap before GC invocations=16 (full 3):
 PSYoungGen      total 368128K, used 221249K [0x00000000d5580000, 0x00000000ee200000, 0x0000000100000000)
  eden space 340992K, 56% used [0x00000000d5580000,0x00000000e132d5f0,0x00000000ea280000)
  from space 27136K, 99% used [0x00000000ec780000,0x00000000ee1e2ef0,0x00000000ee200000)
  to   space 31232K, 0% used [0x00000000ea500000,0x00000000ea500000,0x00000000ec380000)
 ParOldGen       total 124416K, used 52500K [0x0000000080000000, 0x0000000087980000, 0x00000000d5580000)
  object space 124416K, 42% used [0x0000000080000000,0x0000000083345140,0x0000000087980000)
 Metaspace       used 93083K, capacity 98390K, committed 98496K, reserved 1134592K
  class space    used 12368K, capacity 13456K, committed 13544K, reserved 1048576K
Event: 2590.518 GC heap after
Heap after GC invocations=16 (full 3):
 PSYoungGen      total 374784K, used 31223K [0x00000000d5580000, 0x00000000f1d80000, 0x0000000100000000)
  eden space 343552K, 0% used [0x00000000d5580000,0x00000000d5580000,0x00000000ea500000)
  from space 31232K, 99% used [0x00000000ea500000,0x00000000ec37dff0,0x00000000ec380000)
  to   space 39424K, 0% used [0x00000000ef700000,0x00000000ef700000,0x00000000f1d80000)
 ParOldGen       total 124416K, used 61444K [0x0000000080000000, 0x0000000087980000, 0x00000000d5580000)
  object space 124416K, 49% used [0x0000000080000000,0x0000000083c01048,0x0000000087980000)
 Metaspace       used 93083K, capacity 98390K, committed 98496K, reserved 1134592K
  class space    used 12368K, capacity 13456K, committed 13544K, reserved 1048576K
}
Event: 2590.518 GC heap before
{Heap before GC invocations=17 (full 4):
 PSYoungGen      total 374784K, used 31223K [0x00000000d5580000, 0x00000000f1d80000, 0x0000000100000000)
  eden space 343552K, 0% used [0x00000000d5580000,0x00000000d5580000,0x00000000ea500000)
  from space 31232K, 99% used [0x00000000ea500000,0x00000000ec37dff0,0x00000000ec380000)
  to   space 39424K, 0% used [0x00000000ef700000,0x00000000ef700000,0x00000000f1d80000)
 ParOldGen       total 124416K, used 61444K [0x0000000080000000, 0x0000000087980000, 0x00000000d5580000)
  object space 124416K, 49% used [0x0000000080000000,0x0000000083c01048,0x0000000087980000)
 Metaspace       used 93083K, capacity 98390K, committed 98496K, reserved 1134592K
  class space    used 12368K, capacity 13456K, committed 13544K, reserved 1048576K
Event: 2590.654 GC heap after
Heap after GC invocations=17 (full 4):
 PSYoungGen      total 374784K, used 0K [0x00000000d5580000, 0x00000000f1d80000, 0x0000000100000000)
  eden space 343552K, 0% used [0x00000000d5580000,0x00000000d5580000,0x00000000ea500000)
  from space 31232K, 0% used [0x00000000ea500000,0x00000000ea500000,0x00000000ec380000)
  to   space 39424K, 0% used [0x00000000ef700000,0x00000000ef700000,0x00000000f1d80000)
 ParOldGen       total 186368K, used 58837K [0x0000000080000000, 0x000000008b600000, 0x00000000d5580000)
  object space 186368K, 31% used [0x0000000080000000,0x0000000083975548,0x000000008b600000)
 Metaspace       used 92040K, capacity 96022K, committed 98496K, reserved 1134592K
  class space    used 12108K, capacity 13000K, committed 13544K, reserved 1048576K
}
Event: 2594.843 GC heap before
{Heap before GC invocations=18 (full 4):
 PSYoungGen      total 374784K, used 343552K [0x00000000d5580000, 0x00000000f1d80000, 0x0000000100000000)
  eden space 343552K, 100% used [0x00000000d5580000,0x00000000ea500000,0x00000000ea500000)
  from space 31232K, 0% used [0x00000000ea500000,0x00000000ea500000,0x00000000ec380000)
  to   space 39424K, 0% used [0x00000000ef700000,0x00000000ef700000,0x00000000f1d80000)
 ParOldGen       total 186368K, used 58837K [0x0000000080000000, 0x000000008b600000, 0x00000000d5580000)
  object space 186368K, 31% used [0x0000000080000000,0x0000000083975548,0x000000008b600000)
 Metaspace       used 101572K, capacity 106396K, committed 107072K, reserved 1142784K
  class space    used 13496K, capacity 14503K, committed 14696K, reserved 1048576K
Event: 2594.919 GC heap after
Heap after GC invocations=18 (full 4):
 PSYoungGen      total 416768K, used 39421K [0x00000000d5580000, 0x00000000f4700000, 0x0000000100000000)
  eden space 377344K, 0% used [0x00000000d5580000,0x00000000d5580000,0x00000000ec600000)
  from space 39424K, 99% used [0x00000000ef700000,0x00000000f1d7f6d0,0x00000000f1d80000)
  to   space 50176K, 0% used [0x00000000ec600000,0x00000000ec600000,0x00000000ef700000)
 ParOldGen       total 186368K, used 70201K [0x0000000080000000, 0x000000008b600000, 0x00000000d5580000)
  object space 186368K, 37% used [0x0000000080000000,0x000000008448e658,0x000000008b600000)
 Metaspace       used 101572K, capacity 106396K, committed 107072K, reserved 1142784K
  class space    used 13496K, capacity 14503K, committed 14696K, reserved 1048576K
}
Event: 2599.309 GC heap before
{Heap before GC invocations=19 (full 4):
 PSYoungGen      total 416768K, used 416765K [0x00000000d5580000, 0x00000000f4700000, 0x0000000100000000)
  eden space 377344K, 100% used [0x00000000d5580000,0x00000000ec600000,0x00000000ec600000)
  from space 39424K, 99% used [0x00000000ef700000,0x00000000f1d7f6d0,0x00000000f1d80000)
  to   space 50176K, 0% used [0x00000000ec600000,0x00000000ec600000,0x00000000ef700000)
 ParOldGen       total 186368K, used 70201K [0x0000000080000000, 0x000000008b600000, 0x00000000d5580000)
  object space 186368K, 37% used [0x0000000080000000,0x000000008448e658,0x000000008b600000)
 Metaspace       used 108762K, capacity 114048K, committed 114368K, reserved 1148928K
  class space    used 14351K, capacity 15412K, committed 15592K, reserved 1048576K
Event: 2599.330 GC heap after
Heap after GC invocations=19 (full 4):
 PSYoungGen      total 427520K, used 9060K [0x00000000d5580000, 0x00000000f6380000, 0x0000000100000000)
  eden space 377344K, 0% used [0x00000000d5580000,0x00000000d5580000,0x00000000ec600000)
  from space 50176K, 18% used [0x00000000ec600000,0x00000000eced9370,0x00000000ef700000)
  to   space 48640K, 0% used [0x00000000f3400000,0x00000000f3400000,0x00000000f6380000)
 ParOldGen       total 186368K, used 91175K [0x0000000080000000, 0x000000008b600000, 0x00000000d5580000)
  object space 186368K, 48% used [0x0000000080000000,0x0000000085909ee0,0x000000008b600000)
 Metaspace       used 108762K, capacity 114048K, committed 114368K, reserved 1148928K
  class space    used 14351K, capacity 15412K, committed 15592K, reserved 1048576K
}
Event: 2637.033 GC heap before
{Heap before GC invocations=20 (full 4):
 PSYoungGen      total 427520K, used 386404K [0x00000000d5580000, 0x00000000f6380000, 0x0000000100000000)
  eden space 377344K, 100% used [0x00000000d5580000,0x00000000ec600000,0x00000000ec600000)
  from space 50176K, 18% used [0x00000000ec600000,0x00000000eced9370,0x00000000ef700000)
  to   space 48640K, 0% used [0x00000000f3400000,0x00000000f3400000,0x00000000f6380000)
 ParOldGen       total 186368K, used 91175K [0x0000000080000000, 0x000000008b600000, 0x00000000d5580000)
  object space 186368K, 48% used [0x0000000080000000,0x0000000085909ee0,0x000000008b600000)
 Metaspace       used 113924K, capacity 120206K, committed 120640K, reserved 1153024K
  class space    used 15035K, capacity 16281K, committed 16488K, reserved 1048576K
Event: 2637.048 GC heap after
Heap after GC invocations=20 (full 4):
 PSYoungGen      total 460288K, used 17900K [0x00000000d5580000, 0x00000000f5200000, 0x0000000100000000)
  eden space 429568K, 0% used [0x00000000d5580000,0x00000000d5580000,0x00000000ef900000)
  from space 30720K, 58% used [0x00000000f3400000,0x00000000f457b218,0x00000000f5200000)
  to   space 45568K, 0% used [0x00000000ef900000,0x00000000ef900000,0x00000000f2580000)
 ParOldGen       total 186368K, used 91183K [0x0000000080000000, 0x000000008b600000, 0x00000000d5580000)
  object space 186368K, 48% used [0x0000000080000000,0x000000008590bee0,0x000000008b600000)
 Metaspace       used 113924K, capacity 120206K, committed 120640K, reserved 1153024K
  class space    used 15035K, capacity 16281K, committed 16488K, reserved 1048576K
}

Deoptimization events (10 events):
Event: 2637.832 Thread 0x000000002e1a4800 Uncommon trap: reason=unstable_if action=reinterpret pc=0x0000000004ed2ff4 method=java.util.concurrent.ConcurrentLinkedQueue.offer(Ljava/lang/Object;)Z @ 72
Event: 2637.851 Thread 0x000000002e1a0800 Uncommon trap: reason=unstable_if action=reinterpret pc=0x00000000058e8d98 method=org.gradle.api.internal.changedetection.state.CachingFileHasher.snapshot(Ljava/io/File;JJ)Lorg/gradle/api/internal/changedetection/state/CachingFileHasher$FileInfo; @ 59
Event: 2637.855 Thread 0x000000002e1a0800 Uncommon trap: reason=unstable_if action=reinterpret pc=0x00000000058bc098 method=org.gradle.api.internal.changedetection.state.CachingFileHasher.snapshot(Ljava/io/File;JJ)Lorg/gradle/api/internal/changedetection/state/CachingFileHasher$FileInfo; @ 59
Event: 2638.676 Thread 0x000000002e1ac000 Uncommon trap: reason=array_check action=maybe_recompile pc=0x0000000004cc62f8 method=com.google.common.collect.RegularImmutableMap.fromEntryArray(I[Ljava/util/Map$Entry;)Lcom/google/common/collect/ImmutableMap; @ 157
Event: 2638.863 Thread 0x000000002e1a9800 Uncommon trap: reason=class_check action=maybe_recompile pc=0x0000000002eba298 method=java.io.DataInputStream.readUnsignedShort()I @ 4
Event: 2638.863 Thread 0x000000002e1a9800 Uncommon trap: reason=class_check action=maybe_recompile pc=0x0000000002eba298 method=java.io.DataInputStream.readUnsignedShort()I @ 4
Event: 2638.879 Thread 0x000000002e1a9800 Uncommon trap: reason=unstable_if action=reinterpret pc=0x00000000058442d0 method=sun.nio.ch.IOUtil.writeFromNativeBuffer(Ljava/io/FileDescriptor;Ljava/nio/ByteBuffer;JLsun/nio/ch/NativeDispatcher;)I @ 66
Event: 2797.544 Thread 0x000000001bf36000 Uncommon trap: reason=unstable_if action=reinterpret pc=0x0000000004034f18 method=java.text.SimpleDateFormat.zeroPaddingNumber(IIILjava/lang/StringBuffer;)V @ 41
Event: 2797.714 Thread 0x000000002e19a000 Uncommon trap: reason=class_check action=maybe_recompile pc=0x00000000052c971c method=java.util.Spliterators$ArraySpliterator.tryAdvance(Ljava/util/function/Consumer;)Z @ 49
Event: 2797.741 Thread 0x000000002e19a000 Uncommon trap: reason=class_check action=maybe_recompile pc=0x00000000052c971c method=java.util.Spliterators$ArraySpliterator.tryAdvance(Ljava/util/function/Consumer;)Z @ 49

Classes redefined (0 events):
No events

Internal exceptions (10 events):
Event: 2638.723 Thread 0x000000002e1ac000 Exception <a 'sun/nio/fs/WindowsException'> (0x00000000dd208aa8) thrown at [C:\src\AOSP-openjdk-git\hotspot\src\share\vm\prims\jni.cpp, line 710]
Event: 2638.723 Thread 0x000000002e1ac000 Exception <a 'sun/nio/fs/WindowsException'> (0x00000000dd2092e8) thrown at [C:\src\AOSP-openjdk-git\hotspot\src\share\vm\prims\jni.cpp, line 710]
Event: 2638.724 Thread 0x000000002e1ac000 Exception <a 'sun/nio/fs/WindowsException'> (0x00000000dd209790) thrown at [C:\src\AOSP-openjdk-git\hotspot\src\share\vm\prims\jni.cpp, line 710]
Event: 2638.819 Thread 0x000000002e1a0800 Exception <a 'sun/nio/fs/WindowsException'> (0x00000000de8a26c8) thrown at [C:\src\AOSP-openjdk-git\hotspot\src\share\vm\prims\jni.cpp, line 710]
Event: 2638.819 Thread 0x000000002e1a0800 Exception <a 'sun/nio/fs/WindowsException'> (0x00000000de8a33b0) thrown at [C:\src\AOSP-openjdk-git\hotspot\src\share\vm\prims\jni.cpp, line 710]
Event: 2638.820 Thread 0x000000002e1a0800 Exception <a 'sun/nio/fs/WindowsException'> (0x00000000de8aa7d8) thrown at [C:\src\AOSP-openjdk-git\hotspot\src\share\vm\prims\jni.cpp, line 710]
Event: 2638.820 Thread 0x000000002e1a0800 Exception <a 'sun/nio/fs/WindowsException'> (0x00000000de8ab508) thrown at [C:\src\AOSP-openjdk-git\hotspot\src\share\vm\prims\jni.cpp, line 710]
Event: 2638.820 Thread 0x000000002e1a0800 Exception <a 'sun/nio/fs/WindowsException'> (0x00000000de8ad398) thrown at [C:\src\AOSP-openjdk-git\hotspot\src\share\vm\prims\jni.cpp, line 710]
Event: 2638.820 Thread 0x000000002e1a0800 Exception <a 'sun/nio/fs/WindowsException'> (0x00000000de8ae0d8) thrown at [C:\src\AOSP-openjdk-git\hotspot\src\share\vm\prims\jni.cpp, line 710]
Event: 2797.721 Thread 0x000000002e19a000 Exception <a 'sun/nio/fs/WindowsException'> (0x00000000e0e6d558) thrown at [C:\src\AOSP-openjdk-git\hotspot\src\share\vm\prims\jni.cpp, line 710]

Events (10 events):
Event: 2797.788 Executing VM operation: RevokeBias
Event: 2797.788 Executing VM operation: RevokeBias done
Event: 2797.817 Executing VM operation: RevokeBias
Event: 2797.818 Executing VM operation: RevokeBias done
Event: 2797.818 Executing VM operation: BulkRevokeBias
Event: 2797.821 Executing VM operation: BulkRevokeBias done
Event: 2797.822 Executing VM operation: RevokeBias
Event: 2797.822 Executing VM operation: RevokeBias done
Event: 2797.822 Executing VM operation: RevokeBias
Event: 2797.823 Executing VM operation: RevokeBias done


Dynamic libraries:
0x00007ff7c45f0000 - 0x00007ff7c4621000 	D:\Program Files\Install\Androids Studio\jre\bin\java.exe
0x00007fffec4d0000 - 0x00007fffec6bd000 	C:\Windows\SYSTEM32\ntdll.dll
0x00007fffe9a50000 - 0x00007fffe9b03000 	C:\Windows\System32\KERNEL32.DLL
0x00007fffe85c0000 - 0x00007fffe8855000 	C:\Windows\System32\KERNELBASE.dll
0x00007fffeb5f0000 - 0x00007fffeb693000 	C:\Windows\System32\ADVAPI32.dll
0x00007fffe9700000 - 0x00007fffe979e000 	C:\Windows\System32\msvcrt.dll
0x00007fffec390000 - 0x00007fffec42f000 	C:\Windows\System32\sechost.dll
0x00007fffeba00000 - 0x00007fffebb20000 	C:\Windows\System32\RPCRT4.dll
0x00007fffe9850000 - 0x00007fffe99e7000 	C:\Windows\System32\USER32.dll
0x00007fffe8890000 - 0x00007fffe88b0000 	C:\Windows\System32\win32u.dll
0x00007fffec1b0000 - 0x00007fffec1d9000 	C:\Windows\System32\GDI32.dll
0x00007fffe92e0000 - 0x00007fffe947c000 	C:\Windows\System32\gdi32full.dll
0x00007fffe9660000 - 0x00007fffe9700000 	C:\Windows\System32\msvcp_win.dll
0x00007fffe8a90000 - 0x00007fffe8b8a000 	C:\Windows\System32\ucrtbase.dll
0x00007fffd9860000 - 0x00007fffd9ad9000 	C:\Windows\WinSxS\amd64_microsoft.windows.common-controls_6595b64144ccf1df_6.0.17763.1697_none_de7644c45346d6cf\COMCTL32.dll
0x00007fffebc90000 - 0x00007fffebfbe000 	C:\Windows\System32\combase.dll
0x00007fffe8910000 - 0x00007fffe898f000 	C:\Windows\System32\bcryptPrimitives.dll
0x00007fffe97a0000 - 0x00007fffe97ce000 	C:\Windows\System32\IMM32.DLL
0x00000000729d0000 - 0x0000000072aa2000 	D:\Program Files\Install\Androids Studio\jre\jre\bin\msvcr100.dll
0x0000000071c90000 - 0x00000000724db000 	D:\Program Files\Install\Androids Studio\jre\jre\bin\server\jvm.dll
0x00007fffec490000 - 0x00007fffec498000 	C:\Windows\System32\PSAPI.DLL
0x00007fffe4660000 - 0x00007fffe466a000 	C:\Windows\SYSTEM32\VERSION.dll
0x00007fffe51d0000 - 0x00007fffe51d9000 	C:\Windows\SYSTEM32\WSOCK32.dll
0x00007fffe6ee0000 - 0x00007fffe6f04000 	C:\Windows\SYSTEM32\WINMM.dll
0x00007fffeb6a0000 - 0x00007fffeb70d000 	C:\Windows\System32\WS2_32.dll
0x00007fffe6cc0000 - 0x00007fffe6ced000 	C:\Windows\SYSTEM32\WINMMBASE.dll
0x00007fffe8990000 - 0x00007fffe89da000 	C:\Windows\System32\cfgmgr32.dll
0x00007fffe51c0000 - 0x00007fffe51cf000 	D:\Program Files\Install\Androids Studio\jre\jre\bin\verify.dll
0x00007fffe5130000 - 0x00007fffe5159000 	D:\Program Files\Install\Androids Studio\jre\jre\bin\java.dll
0x00007fffe5110000 - 0x00007fffe5126000 	D:\Program Files\Install\Androids Studio\jre\jre\bin\zip.dll
0x00007fffe9b10000 - 0x00007fffeb00a000 	C:\Windows\System32\SHELL32.dll
0x00007fffeb0c0000 - 0x00007fffeb168000 	C:\Windows\System32\shcore.dll
0x00007fffe8b90000 - 0x00007fffe92db000 	C:\Windows\System32\windows.storage.dll
0x00007fffe8550000 - 0x00007fffe8574000 	C:\Windows\System32\profapi.dll
0x00007fffe84d0000 - 0x00007fffe852d000 	C:\Windows\System32\powrprof.dll
0x00007fffebfc0000 - 0x00007fffec012000 	C:\Windows\System32\shlwapi.dll
0x00007fffe8580000 - 0x00007fffe8591000 	C:\Windows\System32\kernel.appcore.dll
0x00007fffe85a0000 - 0x00007fffe85b7000 	C:\Windows\System32\cryptsp.dll
0x00007fffe47d0000 - 0x00007fffe47ea000 	D:\Program Files\Install\Androids Studio\jre\jre\bin\net.dll
0x00007fffe7d30000 - 0x00007fffe7d97000 	C:\Windows\system32\mswsock.dll
0x00007fffe4640000 - 0x00007fffe4653000 	D:\Program Files\Install\Androids Studio\jre\jre\bin\nio.dll
0x00007fffdac00000 - 0x00007fffdac27000 	C:\Users\ChiTinh\.gradle\native\f6784746aeab05261644944871eae4fe03e0ef1612fff0a4a95f87b438bc6780\windows-amd64\native-platform.dll
0x00007fffe51b0000 - 0x00007fffe51bd000 	D:\Program Files\Install\Androids Studio\jre\jre\bin\management.dll
0x00007fffe78c0000 - 0x00007fffe78f3000 	C:\Windows\system32\rsaenh.dll
0x00007fffe8860000 - 0x00007fffe8886000 	C:\Windows\System32\bcrypt.dll
0x00007fffe83d0000 - 0x00007fffe83f9000 	C:\Windows\SYSTEM32\USERENV.dll
0x00007fffe7f00000 - 0x00007fffe7f0c000 	C:\Windows\SYSTEM32\CRYPTBASE.dll
0x00007fffe7a50000 - 0x00007fffe7a8d000 	C:\Windows\SYSTEM32\IPHLPAPI.DLL
0x00007fffebb20000 - 0x00007fffebb28000 	C:\Windows\System32\NSI.dll
0x00007fffdae30000 - 0x00007fffdae46000 	C:\Windows\SYSTEM32\dhcpcsvc6.DLL
0x00007fffdba50000 - 0x00007fffdba6c000 	C:\Windows\SYSTEM32\dhcpcsvc.DLL
0x00007fffe7a90000 - 0x00007fffe7b56000 	C:\Windows\SYSTEM32\DNSAPI.dll
0x00007fffdba70000 - 0x00007fffdba7b000 	C:\Windows\SYSTEM32\WINNSI.DLL
0x00007fffda8f0000 - 0x00007fffdaa8c000 	D:\Program Files\Install\Androids Studio\jre\jre\bin\awt.dll
0x00007fffeb930000 - 0x00007fffeb9f4000 	C:\Windows\System32\OLEAUT32.dll
0x00007fffe6610000 - 0x00007fffe663e000 	C:\Windows\SYSTEM32\dwmapi.dll
0x00007fffe9480000 - 0x00007fffe965c000 	C:\Windows\System32\CRYPT32.dll
0x00007fffe8530000 - 0x00007fffe8542000 	C:\Windows\System32\MSASN1.dll
0x00007fffe5320000 - 0x00007fffe58de000 	C:\Windows\SYSTEM32\d2d1.dll
0x00007fffe60f0000 - 0x00007fffe617c000 	C:\Windows\SYSTEM32\apphelp.dll
0x00007fffe6220000 - 0x00007fffe62bc000 	C:\Windows\system32\uxtheme.dll
0x00007fffe6cf0000 - 0x00007fffe6edd000 	C:\Windows\SYSTEM32\dbghelp.dll

VM Arguments:
jvm_args: -Xmx2048m -Dfile.encoding=UTF-8 -Duser.country=US -Duser.language=en -Duser.variant 
java_command: org.gradle.launcher.daemon.bootstrap.GradleDaemon 6.5
java_class_path (initial): C:\Users\ChiTinh\.gradle\wrapper\dists\gradle-6.5-bin\6nifqtx7604sqp1q6g8wikw7p\gradle-6.5\lib\gradle-launcher-6.5.jar
Launcher Type: SUN_STANDARD

Environment Variables:
PATH=C:\Program Files (x86)\Common Files\Oracle\Java\javapath;C:\Windows\system32;C:\Windows;C:\Windows\System32\Wbem;C:\Windows\System32\WindowsPowerShell\v1.0\;C:\Windows\System32\OpenSSH\;C:\Program Files\Git\cmd;C:\Program Files\nodejs\;C:\Program Files\Microsoft SQL Server\Client SDK\ODBC\130\Tools\Binn\;C:\Program Files (x86)\Microsoft SQL Server\140\Tools\Binn\;C:\Program Files\Microsoft SQL Server\140\Tools\Binn\;C:\Program Files\Microsoft SQL Server\140\DTS\Binn\;C:\Users\ChiTinh\AppData\Local\Microsoft\WindowsApps;;C:\Users\ChiTinh\AppData\Local\Programs\Microsoft VS Code\bin;C:\Users\ChiTinh\AppData\Roaming\npm
USERNAME=ChiTinh
OS=Windows_NT
PROCESSOR_IDENTIFIER=Intel64 Family 6 Model 126 Stepping 5, GenuineIntel



---------------  S Y S T E M  ---------------

OS: Windows 10.0 , 64 bit Build 17763 (10.0.17763.475)

CPU:total 8 (initial active 8) (4 cores per cpu, 2 threads per core) family 6 model 126 stepping 5, cmov, cx8, fxsr, mmx, sse, sse2, sse3, ssse3, sse4.1, sse4.2, popcnt, avx, avx2, aes, clmul, erms, 3dnowpref, lzcnt, ht, tsc, tscinvbit, bmi1, bmi2, adx

Memory: 4k page, physical 8150496k(2447904k free), swap 12082656k(3990096k free)

vm_info: OpenJDK 64-Bit Server VM (25.242-b01) for windows-amd64 JRE (1.8.0_242-release-1644-b01), built by "builder" with MS VC++ 10.0 (VS2010)

time: Mon Jan 18 18:34:02 2021
timezone: SE Asia Standard Time
elapsed time: 2797 seconds (0d 0h 46m 37s)

